
=== Tue Nov  3 16:03:16 2020

Packages were changed.
Update Mode: mergeDefaultDependencies

The following packages were added:
  com.unity.collab-proxy@1.2.16
  com.unity.modules.ai@1.0.0
  com.unity.modules.cloth@1.0.0
  com.unity.modules.director@1.0.0
  com.unity.modules.physics@1.0.0
  com.unity.modules.terrain@1.0.0
  com.unity.modules.terrainphysics@1.0.0
  com.unity.modules.umbra@1.0.0
  com.unity.modules.vehicles@1.0.0
  com.unity.modules.vr@1.0.0
  com.unity.modules.wind@1.0.0
  com.unity.modules.xr@1.0.0
  com.unity.timeline@1.2.17
The following packages were updated:
  com.unity.mobile.android-logcat from version 1.1.1 to 1.2.0
  com.unity.test-framework from version 1.1.16 to 1.1.18

=== Tue Nov  3 16:33:25 2020

Packages were changed.
Update Mode: resetToDefaultDependencies

The following packages were removed:
  com.unity.2d.animation@3.2.5
  com.unity.2d.pixel-perfect@2.0.4
  com.unity.2d.psdimporter@2.1.6
  com.unity.2d.sprite@1.0.0
  com.unity.2d.spriteshape@3.0.14
  com.unity.2d.tilemap@1.0.0
  com.unity.mobile.android-logcat@1.2.0
  com.unity.mobile.notifications@1.0.3
